<?xml version="1.0" encoding="UTF-8"?>
<testsuite name="com.capgemini.employee.EmployeePayrollServiceTest" tests="1" skipped="0" failures="0" errors="0" timestamp="2020-11-03T07:16:11" hostname="Swapnaneels-MacBook-Air.local" time="2.884">
  <properties/>
  <testcase name="given6Employees_WhenAddedToDB_ShouldMatchEmployeeEntries" classname="com.capgemini.employee.EmployeePayrollServiceTest" time="2.884"/>
  <system-out><![CDATA[Connecting to database:jdbc:mysql://localhost:3306/payroll_service?useSSL=false
Connection is successful
Employee Being added: Jeff Bezos
Connecting to database:jdbc:mysql://localhost:3306/payroll_service?useSSL=false
Connection is successful
Employee Added: Jeff Bezos
Employee Being added: Bill gates
Connecting to database:jdbc:mysql://localhost:3306/payroll_service?useSSL=false
Connection is successful
Employee Added: Bill gates
Employee Being added: Mark Zuckerberg
Connecting to database:jdbc:mysql://localhost:3306/payroll_service?useSSL=false
Connection is successful
Employee Added: Mark Zuckerberg
Employee Being added: Sunder
Connecting to database:jdbc:mysql://localhost:3306/payroll_service?useSSL=false
Connection is successful
Employee Added: Sunder
Employee Being added: Mukesh
Connecting to database:jdbc:mysql://localhost:3306/payroll_service?useSSL=false
Connection is successful
Employee Added: Mukesh
Employee Being added: Anil
Connecting to database:jdbc:mysql://localhost:3306/payroll_service?useSSL=false
Connection is successful
Employee Added: Anil
[id=35 name= Jeff Bezos salary= 100000.0, id=36 name= Bill gates salary= 200000.0, id=37 name= Mark Zuckerberg salary= 300000.0, id=38 name= Sunder salary= 600000.0, id=39 name= Mukesh salary= 1000000.0, id=40 name= Anil salary= 200000.0]
Duration without thread:PT0.518118S
Employee Being Added: Jeff Bezos
Employee Being Added: Bill gates
Connecting to database:jdbc:mysql://localhost:3306/payroll_service?useSSL=false
Connecting to database:jdbc:mysql://localhost:3306/payroll_service?useSSL=false
Employee Being Added: Mark Zuckerberg
Connecting to database:jdbc:mysql://localhost:3306/payroll_service?useSSL=false
Connection is successful
Connection is successful
Connection is successful
Employee Being Added: Sunder
Connecting to database:jdbc:mysql://localhost:3306/payroll_service?useSSL=false
Employee Added Jeff Bezos
Employee Added Bill gates
Connection is successful
Employee Added Mark Zuckerberg
Employee Added Sunder
Employee Being Added: Mukesh
Employee Being Added: Anil
Connecting to database:jdbc:mysql://localhost:3306/payroll_service?useSSL=false
Connecting to database:jdbc:mysql://localhost:3306/payroll_service?useSSL=false
Connection is successful
Connection is successful
Employee Added Mukesh
Employee Added Anil
[id=35 name= Jeff Bezos salary= 100000.0, id=36 name= Bill gates salary= 200000.0, id=37 name= Mark Zuckerberg salary= 300000.0, id=38 name= Sunder salary= 600000.0, id=39 name= Mukesh salary= 1000000.0, id=40 name= Anil salary= 200000.0, id=41 name= Jeff Bezos salary= 100000.0, id=42 name= Bill gates salary= 200000.0, id=43 name= Mark Zuckerberg salary= 300000.0, id=44 name= Sunder salary= 600000.0, id=46 name= Mukesh salary= 1000000.0, id=45 name= Anil salary= 200000.0]
Duration with Thread:PT0.177294S
]]></system-out>
  <system-err><![CDATA[]]></system-err>
</testsuite>
